{"C:\\Users\\hugof\\OneDrive\\Desktop\\libreria v y v\\library-reservation-server\\babel.config.js": {"path":"C:\\Users\\hugof\\OneDrive\\Desktop\\libreria v y v\\library-reservation-server\\babel.config.js","statementMap":{"0":{"start":{"line":1,"column":0},"end":{"line":12,"column":4}}},"fnMap":{},"branchMap":{},"s":{"0":0},"f":{},"b":{},"inputSourceMap":null}
,"C:\\Users\\hugof\\OneDrive\\Desktop\\libreria v y v\\library-reservation-server\\jest-preset.js": {"path":"C:\\Users\\hugof\\OneDrive\\Desktop\\libreria v y v\\library-reservation-server\\jest-preset.js","statementMap":{"0":{"start":{"line":1,"column":29},"end":{"line":1,"column":62}},"1":{"start":{"line":3,"column":0},"end":{"line":3,"column":36}}},"fnMap":{},"branchMap":{},"s":{"0":0,"1":0},"f":{},"b":{},"inputSourceMap":null}
,"C:\\Users\\hugof\\OneDrive\\Desktop\\libreria v y v\\library-reservation-server\\jest.config.js": {"path":"C:\\Users\\hugof\\OneDrive\\Desktop\\libreria v y v\\library-reservation-server\\jest.config.js","statementMap":{"0":{"start":{"line":1,"column":0},"end":{"line":29,"column":4}}},"fnMap":{},"branchMap":{},"s":{"0":0},"f":{},"b":{},"inputSourceMap":null}
,"C:\\Users\\hugof\\OneDrive\\Desktop\\libreria v y v\\library-reservation-server\\passport-config.js": {"path":"C:\\Users\\hugof\\OneDrive\\Desktop\\libreria v y v\\library-reservation-server\\passport-config.js","statementMap":{"0":{"start":{"line":1,"column":17},"end":{"line":1,"column":36}},"1":{"start":{"line":2,"column":22},"end":{"line":2,"column":56}},"2":{"start":{"line":3,"column":15},"end":{"line":3,"column":34}},"3":{"start":{"line":4,"column":17},"end":{"line":4,"column":30}},"4":{"start":{"line":6,"column":13},"end":{"line":12,"column":2}},"5":{"start":{"line":14,"column":0},"end":{"line":31,"column":3}},"6":{"start":{"line":16,"column":4},"end":{"line":29,"column":5}},"7":{"start":{"line":17,"column":21},"end":{"line":17,"column":92}},"8":{"start":{"line":18,"column":6},"end":{"line":20,"column":7}},"9":{"start":{"line":19,"column":8},"end":{"line":19,"column":69}},"10":{"start":{"line":21,"column":19},"end":{"line":21,"column":33}},"11":{"start":{"line":22,"column":30},"end":{"line":22,"column":75}},"12":{"start":{"line":23,"column":6},"end":{"line":25,"column":7}},"13":{"start":{"line":24,"column":8},"end":{"line":24,"column":69}},"14":{"start":{"line":26,"column":6},"end":{"line":26,"column":30}},"15":{"start":{"line":28,"column":6},"end":{"line":28,"column":23}},"16":{"start":{"line":33,"column":0},"end":{"line":35,"column":3}},"17":{"start":{"line":34,"column":2},"end":{"line":34,"column":22}},"18":{"start":{"line":37,"column":0},"end":{"line":45,"column":3}},"19":{"start":{"line":38,"column":2},"end":{"line":44,"column":3}},"20":{"start":{"line":39,"column":19},"end":{"line":39,"column":78}},"21":{"start":{"line":40,"column":17},"end":{"line":40,"column":31}},"22":{"start":{"line":41,"column":4},"end":{"line":41,"column":21}},"23":{"start":{"line":43,"column":4},"end":{"line":43,"column":20}},"24":{"start":{"line":47,"column":0},"end":{"line":47,"column":26}}},"fnMap":{"0":{"name":"(anonymous_0)","decl":{"start":{"line":15,"column":2},"end":{"line":15,"column":3}},"loc":{"start":{"line":15,"column":38},"end":{"line":30,"column":3}},"line":15},"1":{"name":"(anonymous_1)","decl":{"start":{"line":33,"column":23},"end":{"line":33,"column":24}},"loc":{"start":{"line":33,"column":39},"end":{"line":35,"column":1}},"line":33},"2":{"name":"(anonymous_2)","decl":{"start":{"line":37,"column":25},"end":{"line":37,"column":26}},"loc":{"start":{"line":37,"column":45},"end":{"line":45,"column":1}},"line":37}},"branchMap":{"0":{"loc":{"start":{"line":18,"column":6},"end":{"line":20,"column":7}},"type":"if","locations":[{"start":{"line":18,"column":6},"end":{"line":20,"column":7}},{"start":{},"end":{}}],"line":18},"1":{"loc":{"start":{"line":23,"column":6},"end":{"line":25,"column":7}},"type":"if","locations":[{"start":{"line":23,"column":6},"end":{"line":25,"column":7}},{"start":{},"end":{}}],"line":23}},"s":{"0":1,"1":1,"2":1,"3":1,"4":1,"5":1,"6":0,"7":0,"8":0,"9":0,"10":0,"11":0,"12":0,"13":0,"14":0,"15":0,"16":1,"17":0,"18":1,"19":0,"20":0,"21":0,"22":0,"23":0,"24":1},"f":{"0":0,"1":0,"2":0},"b":{"0":[0,0],"1":[0,0]},"inputSourceMap":null,"_coverageSchema":"1a1c01bbd47fc00a2c39e90264f33305004495a9","hash":"9f76b5ecd90882f3ae0e08cd19db84398f11ad83"}
}
